<?xml version="1.0" encoding="UTF-8"?>
<!-- Generated by org.testng.reporters.JUnitReportReporter -->
<testsuite hostname="LAPTOP-Adri" failures="0" tests="7" name="debuged.valoresLimite.NumeroPrimoNGTest" time="0.005" errors="0" timestamp="19 Jan 2022 16:00:56 GMT">
  <testcase classname="debuged.valoresLimite.NumeroPrimoNGTest" name="testEsPrimo" time="0.003"/>
  <testcase classname="debuged.valoresLimite.NumeroPrimoNGTest" name="testEsPrimo" time="0.000"/>
  <testcase classname="debuged.valoresLimite.NumeroPrimoNGTest" name="testEsPrimo" time="0.000"/>
  <testcase classname="debuged.valoresLimite.NumeroPrimoNGTest" name="testEsPrimo" time="0.001"/>
  <testcase classname="debuged.valoresLimite.NumeroPrimoNGTest" name="testEsPrimo" time="0.000"/>
  <testcase classname="debuged.valoresLimite.NumeroPrimoNGTest" name="testEsPrimo" time="0.000"/>
  <testcase classname="debuged.valoresLimite.NumeroPrimoNGTest" name="testEsPrimo" time="0.001"/>
</testsuite> <!-- debuged.valoresLimite.NumeroPrimoNGTest -->
