<?xml version="1.0" encoding="UTF-8"?>
<!-- Generated by org.testng.reporters.JUnitReportReporter -->
<testsuite hostname="LAPTOP-Adri" failures="1" tests="1" name="debuged.valoresLimite.NumeroParTest" time="0.000" errors="0" timestamp="19 Jan 2022 16:00:56 GMT">
  <testcase classname="debuged.valoresLimite.NumeroParTest" name="testEsPar" time="0.000">
    <failure message="
Data Provider public static java.lang.Object[] debuged.valoresLimite.NumeroParTest.data() must return either Object[][] or Iterator&lt;Object&gt;[], not class [Ljava.lang.Object;" type="org.testng.TestNGException">
      <![CDATA[org.testng.TestNGException: 
Data Provider public static java.lang.Object[] debuged.valoresLimite.NumeroParTest.data() must return either Object[][] or Iterator<Object>[], not class [Ljava.lang.Object;
	at org.testng.internal.MethodInvocationHelper.invokeDataProvider(MethodInvocationHelper.java:155)
	at org.testng.internal.Parameters.handleParameters(Parameters.java:429)
	at org.testng.internal.Invoker.handleParameters(Invoker.java:1383)
	at org.testng.internal.Invoker.createParameters(Invoker.java:1075)
	at org.testng.internal.Invoker.invokeTestMethods(Invoker.java:1180)
	at org.testng.internal.TestMethodWorker.invokeTestMethods(TestMethodWorker.java:127)
	at org.testng.internal.TestMethodWorker.run(TestMethodWorker.java:111)
	at org.testng.TestRunner.privateRun(TestRunner.java:767)
	at org.testng.TestRunner.run(TestRunner.java:617)
	at org.testng.SuiteRunner.runTest(SuiteRunner.java:334)
	at org.testng.SuiteRunner.runSequentially(SuiteRunner.java:329)
	at org.testng.SuiteRunner.privateRun(SuiteRunner.java:291)
	at org.testng.SuiteRunner.run(SuiteRunner.java:240)
	at org.testng.SuiteRunnerWorker.runSuite(SuiteRunnerWorker.java:52)
	at org.testng.SuiteRunnerWorker.run(SuiteRunnerWorker.java:86)
	at org.testng.TestNG.runSuitesSequentially(TestNG.java:1224)
	at org.testng.TestNG.runSuitesLocally(TestNG.java:1149)
	at org.testng.TestNG.run(TestNG.java:1057)
	at org.testng.TestNG.privateMain(TestNG.java:1364)
	at org.testng.TestNG.main(TestNG.java:1333)
]]>
    </failure>
  </testcase> <!-- testEsPar -->
</testsuite> <!-- debuged.valoresLimite.NumeroParTest -->
