<?xml version="1.0" encoding="UTF-8"?>
<!-- Generated by org.testng.reporters.JUnitReportReporter -->
<testsuite hostname="LAPTOP-Adri" failures="0" tests="4" name="Pruebas.obtenerFormatoNGTest" time="0.004" errors="0" timestamp="31 Jan 2022 12:35:21 GMT">
  <testcase classname="Pruebas.obtenerFormatoNGTest" name="test4ObtenerFormato" time="0.001"/>
  <testcase classname="Pruebas.obtenerFormatoNGTest" name="test3ObtenerFormato" time="0.000"/>
  <testcase classname="Pruebas.obtenerFormatoNGTest" name="test2ObtenerFormato" time="0.001"/>
  <testcase classname="Pruebas.obtenerFormatoNGTest" name="test1ObtenerFormato" time="0.002"/>
</testsuite> <!-- Pruebas.obtenerFormatoNGTest -->
