<?xml version="1.0" encoding="UTF-8"?>
<!-- Generated by org.testng.reporters.JUnitReportReporter -->
<testsuite hostname="LAPTOP-Adri" failures="0" tests="4" name="Pruebas.calcularFactorialNGTest" time="0.002" errors="0" timestamp="31 Jan 2022 12:35:21 GMT">
  <testcase classname="Pruebas.calcularFactorialNGTest" name="test2CalcularFactorial" time="0.000"/>
  <testcase classname="Pruebas.calcularFactorialNGTest" name="test1CalcularFactorial" time="0.001"/>
  <testcase classname="Pruebas.calcularFactorialNGTest" name="test3CalcularFactorial" time="0.000"/>
  <testcase classname="Pruebas.calcularFactorialNGTest" name="test4CalcularFactorial" time="0.001"/>
</testsuite> <!-- Pruebas.calcularFactorialNGTest -->
