<?xml version="1.0" encoding="UTF-8"?>
<!-- Generated by org.testng.reporters.JUnitReportReporter -->
<testsuite hostname="LAPTOP-Adri" failures="0" tests="5" name="Pruebas.calcularIMCNGTest" time="0.005" errors="0" timestamp="31 Jan 2022 12:35:21 GMT">
  <testcase classname="Pruebas.calcularIMCNGTest" name="test3CalcularIMC" time="0.001"/>
  <testcase classname="Pruebas.calcularIMCNGTest" name="test1CalcularIMC" time="0.002"/>
  <testcase classname="Pruebas.calcularIMCNGTest" name="test4CalcularIMC" time="0.001"/>
  <testcase classname="Pruebas.calcularIMCNGTest" name="test2CalcularIMC" time="0.000"/>
  <testcase classname="Pruebas.calcularIMCNGTest" name="test5CalcularIMC" time="0.001"/>
</testsuite> <!-- Pruebas.calcularIMCNGTest -->
